<?xml version="1.0" encoding="UTF-8"?>
<!-- Generated by org.testng.reporters.JUnitXMLReporter -->
<testsuite ignored="4" hostname="HP-5CG1482VRX" failures="0" tests="8" name="Default test" time="2.205" errors="0" timestamp="2025-07-06T13:28:59 IST">
  <testcase classname="pageTest.BaseClass" name="@BeforeMethod setup" time="-1.751788739118E9">
    <failure type="org.testng.TestNGException" message="
Parameter &amp;apos;browser&amp;apos; is required by BeforeMethod on method setup but has not been marked @Optional or defined
in C:\Users\ake\AppData\Local\Temp\testng-eclipse-1019633008\testng-customsuite.xml">
      <![CDATA[org.testng.TestNGException: 
Parameter 'browser' is required by BeforeMethod on method setup but has not been marked @Optional or defined
in C:\Users\ake\AppData\Local\Temp\testng-eclipse-1019633008\testng-customsuite.xml
at org.testng.internal.Parameters.createParams(Parameters.java:270)
at org.testng.internal.Parameters.createParametersForMethod(Parameters.java:358)
at org.testng.internal.Parameters.createParameters(Parameters.java:700)
at org.testng.internal.Parameters.createConfigurationParameters(Parameters.java:168)
at org.testng.internal.ConfigInvoker.invokeConfigurations(ConfigInvoker.java:302)
at org.testng.internal.TestInvoker.runConfigMethods(TestInvoker.java:700)
at org.testng.internal.TestInvoker.invokeMethod(TestInvoker.java:527)
at org.testng.internal.TestInvoker.invokeTestMethod(TestInvoker.java:173)
at org.testng.internal.MethodRunner.runInSequence(MethodRunner.java:46)
at org.testng.internal.TestInvoker$MethodInvocationAgent.invoke(TestInvoker.java:824)
at org.testng.internal.TestInvoker.invokeTestMethods(TestInvoker.java:146)
at org.testng.internal.TestMethodWorker.invokeTestMethods(TestMethodWorker.java:146)
at org.testng.internal.TestMethodWorker.run(TestMethodWorker.java:128)
at java.base/java.util.ArrayList.forEach(ArrayList.java:1597)
at org.testng.TestRunner.privateRun(TestRunner.java:794)
at org.testng.TestRunner.run(TestRunner.java:596)
at org.testng.SuiteRunner.runTest(SuiteRunner.java:377)
at org.testng.SuiteRunner.runSequentially(SuiteRunner.java:371)
at org.testng.SuiteRunner.privateRun(SuiteRunner.java:332)
at org.testng.SuiteRunner.run(SuiteRunner.java:276)
at org.testng.SuiteRunnerWorker.runSuite(SuiteRunnerWorker.java:53)
at org.testng.SuiteRunnerWorker.run(SuiteRunnerWorker.java:96)
at org.testng.TestNG.runSuitesSequentially(TestNG.java:1212)
at org.testng.TestNG.runSuitesLocally(TestNG.java:1134)
at org.testng.TestNG.runSuites(TestNG.java:1063)
at org.testng.TestNG.run(TestNG.java:1031)
at org.testng.remote.AbstractRemoteTestNG.run(AbstractRemoteTestNG.java:115)
at org.testng.remote.RemoteTestNG.initAndRun(RemoteTestNG.java:293)
at org.testng.remote.RemoteTestNG.main(RemoteTestNG.java:91)
]]>
    </failure>
  </testcase> <!-- @BeforeMethod setup -->
  <testcase classname="pageTest.BaseClass" name="@AfterMethod tearDown" time="-1.751788739143E9">
    <skipped/>
  </testcase> <!-- @AfterMethod tearDown -->
  <testcase classname="pageTest.BaseClass" name="@BeforeMethod setup" time="-1.751788739145E9">
    <skipped/>
  </testcase> <!-- @BeforeMethod setup -->
  <testcase classname="pageTest.BaseClass" name="@AfterMethod tearDown" time="-1.751788739149E9">
    <skipped/>
  </testcase> <!-- @AfterMethod tearDown -->
  <testcase classname="pageTest.BaseClass" name="@BeforeMethod setup" time="-1.75178873915E9">
    <skipped/>
  </testcase> <!-- @BeforeMethod setup -->
  <testcase classname="pageTest.BaseClass" name="@AfterMethod tearDown" time="-1.751788739153E9">
    <skipped/>
  </testcase> <!-- @AfterMethod tearDown -->
  <testcase classname="pageTest.BaseClass" name="@BeforeMethod setup" time="-1.751788739156E9">
    <skipped/>
  </testcase> <!-- @BeforeMethod setup -->
  <testcase classname="pageTest.BaseClass" name="@AfterMethod tearDown" time="-1.751788739159E9">
    <skipped/>
  </testcase> <!-- @AfterMethod tearDown -->
  <testcase classname="pageTest.BaseClass" name="@BeforeMethod setup" time="-1.75178873916E9">
    <skipped/>
  </testcase> <!-- @BeforeMethod setup -->
  <testcase classname="pageTest.BaseClass" name="@AfterMethod tearDown" time="-1.751788739163E9">
    <skipped/>
  </testcase> <!-- @AfterMethod tearDown -->
  <testcase classname="pageTest.BaseClass" name="@BeforeMethod setup" time="-1.751788739163E9">
    <skipped/>
  </testcase> <!-- @BeforeMethod setup -->
  <testcase classname="pageTest.BaseClass" name="@AfterMethod tearDown" time="-1.751788739167E9">
    <skipped/>
  </testcase> <!-- @AfterMethod tearDown -->
  <testcase classname="pageTest.BaseClass" name="@BeforeMethod setup" time="-1.751788739168E9">
    <skipped/>
  </testcase> <!-- @BeforeMethod setup -->
  <testcase classname="pageTest.BaseClass" name="@AfterMethod tearDown" time="-1.751788739172E9">
    <skipped/>
  </testcase> <!-- @AfterMethod tearDown -->
  <testcase classname="pageTest.BaseClass" name="@BeforeMethod setup" time="-1.751788739174E9">
    <skipped/>
  </testcase> <!-- @BeforeMethod setup -->
  <testcase classname="pageTest.BaseClass" name="@AfterMethod tearDown" time="-1.751788739176E9">
    <skipped/>
  </testcase> <!-- @AfterMethod tearDown -->
  <testcase classname="pageTest.AddArtistPageTest" name="TC001_Verify_error_message_is_displayed_when_user_click_on_add_Artist_CTA_by_entering_invalid_fields" time="0.0">
    <skipped/>
  </testcase> <!-- TC001_Verify_error_message_is_displayed_when_user_click_on_add_Artist_CTA_by_entering_invalid_fields -->
  <testcase classname="pageTest.AddArtistPageTest" name="TC001_Verify_error_message_is_displayed_when_user_click_on_add_Artist_CTA_by_entering_invalid_fields" time="0.0">
    <skipped/>
  </testcase> <!-- TC001_Verify_error_message_is_displayed_when_user_click_on_add_Artist_CTA_by_entering_invalid_fields -->
  <testcase classname="pageTest.AddArtistPageTest" name="TC001_Verify_error_message_is_displayed_when_user_click_on_add_Artist_CTA_by_entering_invalid_fields" time="0.0">
    <skipped/>
  </testcase> <!-- TC001_Verify_error_message_is_displayed_when_user_click_on_add_Artist_CTA_by_entering_invalid_fields -->
  <testcase classname="pageTest.AddArtistPageTest" name="TC001_Verify_error_message_is_displayed_when_user_click_on_add_Artist_CTA_by_entering_invalid_fields" time="0.0">
    <skipped/>
  </testcase> <!-- TC001_Verify_error_message_is_displayed_when_user_click_on_add_Artist_CTA_by_entering_invalid_fields -->
  <testcase classname="pageTest.AddArtistPageTest" name="TC001_Verify_error_message_is_displayed_when_user_click_on_add_Artist_CTA_by_entering_invalid_fields" time="0.0">
    <skipped/>
  </testcase> <!-- TC001_Verify_error_message_is_displayed_when_user_click_on_add_Artist_CTA_by_entering_invalid_fields -->
  <testcase classname="pageTest.AddArtistPageTest" name="TC001_Verify_error_message_is_displayed_when_user_click_on_add_Artist_CTA_by_entering_invalid_fields" time="0.0">
    <skipped/>
  </testcase> <!-- TC001_Verify_error_message_is_displayed_when_user_click_on_add_Artist_CTA_by_entering_invalid_fields -->
  <testcase classname="pageTest.AddArtistPageTest" name="TC001_Verify_error_message_is_displayed_when_user_click_on_add_Artist_CTA_by_entering_invalid_fields" time="0.0">
    <skipped/>
  </testcase> <!-- TC001_Verify_error_message_is_displayed_when_user_click_on_add_Artist_CTA_by_entering_invalid_fields -->
  <testcase classname="pageTest.AddArtistPageTest" name="TC001_Verify_error_message_is_displayed_when_user_click_on_add_Artist_CTA_by_entering_invalid_fields" time="0.0">
    <skipped/>
  </testcase> <!-- TC001_Verify_error_message_is_displayed_when_user_click_on_add_Artist_CTA_by_entering_invalid_fields -->
  <testcase classname="pageTest.AddArtistPageTest" name="TC01_Required_Field_Validation" time="0.0">
    <ignored/>
  </testcase> <!-- TC01_Required_Field_Validation -->
  <testcase classname="pageTest.AddArtistPageTest" name="TC002_Verify_the_entered_data_should_be_removed_from_the_fields_when_user_click_on_the_reset_form_CTA_in_Add_Artist_page" time="0.0">
    <ignored/>
  </testcase> <!-- TC002_Verify_the_entered_data_should_be_removed_from_the_fields_when_user_click_on_the_reset_form_CTA_in_Add_Artist_page -->
  <testcase classname="pageTest.AddArtistPageTest" name="TC003_Verify_New_artist_can_be_added_in_add_artist_page" time="0.0">
    <ignored/>
  </testcase> <!-- TC003_Verify_New_artist_can_be_added_in_add_artist_page -->
  <testcase classname="pageTest.AddArtistPageTest" name="TC004_Verify_Newly_added_Artist_details_are_displayed_in_About_artist_page" time="0.0">
    <ignored/>
  </testcase> <!-- TC004_Verify_Newly_added_Artist_details_are_displayed_in_About_artist_page -->
</testsuite> <!-- Default test -->
