<?xml version="1.0" encoding="UTF-8"?>
<!-- Generated by org.testng.reporters.JUnitXMLReporter -->
<testsuite ignored="0" hostname="HP-5CG1482VRX" failures="7" tests="34" name="Test" time="822.874" errors="0" timestamp="2025-07-07T00:50:13 IST">
  <testcase classname="pageTest.AddArtistPageTest" name="TC004_Verify_Newly_added_Artist_details_are_displayed_in_About_artist_page" time="26.836">
    <skipped/>
  </testcase> <!-- TC004_Verify_Newly_added_Artist_details_are_displayed_in_About_artist_page -->
  <testcase classname="pageTest.AddArtistPageTest" name="TC004_Verify_Newly_added_Artist_details_are_displayed_in_About_artist_page" time="26.747">
    <skipped/>
  </testcase> <!-- TC004_Verify_Newly_added_Artist_details_are_displayed_in_About_artist_page -->
  <testcase classname="pageTest.AddArtistPageTest" name="TC004_Verify_Newly_added_Artist_details_are_displayed_in_About_artist_page" time="26.824">
    <failure type="java.lang.AssertionError" message="null">
      <![CDATA[java.lang.AssertionError: null
at pageTest.AddArtistPageTest.TC004_Verify_Newly_added_Artist_details_are_displayed_in_About_artist_page(AddArtistPageTest.java:333)
at java.base/java.util.ArrayList.forEach(ArrayList.java:1597)
... Removed 27 stack frames]]>
    </failure>
  </testcase> <!-- TC004_Verify_Newly_added_Artist_details_are_displayed_in_About_artist_page -->
  <testcase classname="pageTest.AddArtistPageTest" name="TC01_verify_PhoneNumber_Field_validation" time="20.739">
    <skipped/>
  </testcase> <!-- TC01_verify_PhoneNumber_Field_validation -->
  <testcase classname="pageTest.AddArtistPageTest" name="TC01_verify_PhoneNumber_Field_validation" time="20.713">
    <skipped/>
  </testcase> <!-- TC01_verify_PhoneNumber_Field_validation -->
  <testcase classname="pageTest.AddArtistPageTest" name="TC01_verify_PhoneNumber_Field_validation" time="20.845">
    <failure type="java.lang.AssertionError" message="expected [true] but found [false]">
      <![CDATA[java.lang.AssertionError: expected [true] but found [false]
at pageTest.AddArtistPageTest.TC01_verify_PhoneNumber_Field_validation(AddArtistPageTest.java:53)
at java.base/java.util.ArrayList.forEach(ArrayList.java:1597)
... Removed 29 stack frames]]>
    </failure>
  </testcase> <!-- TC01_verify_PhoneNumber_Field_validation -->
  <testcase classname="pageTest.AddArtistPageTest" name="TC01_verify_PhoneNumber_Field_validation" time="20.699">
    <skipped/>
  </testcase> <!-- TC01_verify_PhoneNumber_Field_validation -->
  <testcase classname="pageTest.AddArtistPageTest" name="TC01_verify_PhoneNumber_Field_validation" time="20.83">
    <skipped/>
  </testcase> <!-- TC01_verify_PhoneNumber_Field_validation -->
  <testcase classname="pageTest.AddArtistPageTest" name="TC01_verify_PhoneNumber_Field_validation" time="20.59">
    <failure type="java.lang.AssertionError" message="expected [true] but found [false]">
      <![CDATA[java.lang.AssertionError: expected [true] but found [false]
at pageTest.AddArtistPageTest.TC01_verify_PhoneNumber_Field_validation(AddArtistPageTest.java:53)
at java.base/java.util.ArrayList.forEach(ArrayList.java:1597)
... Removed 29 stack frames]]>
    </failure>
  </testcase> <!-- TC01_verify_PhoneNumber_Field_validation -->
  <testcase classname="pageTest.AddArtistPageTest" name="TC01_verify_PhoneNumber_Field_validation" time="20.877">
    <skipped/>
  </testcase> <!-- TC01_verify_PhoneNumber_Field_validation -->
  <testcase classname="pageTest.AddArtistPageTest" name="TC01_verify_PhoneNumber_Field_validation" time="20.783">
    <skipped/>
  </testcase> <!-- TC01_verify_PhoneNumber_Field_validation -->
  <testcase classname="pageTest.AddArtistPageTest" name="TC01_verify_PhoneNumber_Field_validation" time="20.673">
    <failure type="java.lang.AssertionError" message="expected [true] but found [false]">
      <![CDATA[java.lang.AssertionError: expected [true] but found [false]
at pageTest.AddArtistPageTest.TC01_verify_PhoneNumber_Field_validation(AddArtistPageTest.java:53)
at java.base/java.util.ArrayList.forEach(ArrayList.java:1597)
... Removed 29 stack frames]]>
    </failure>
  </testcase> <!-- TC01_verify_PhoneNumber_Field_validation -->
  <testcase classname="pageTest.AddArtistPageTest" name="TC01_verify_PhoneNumber_Field_validation" time="20.648">
    <skipped/>
  </testcase> <!-- TC01_verify_PhoneNumber_Field_validation -->
  <testcase classname="pageTest.AddArtistPageTest" name="TC01_verify_PhoneNumber_Field_validation" time="20.799">
    <skipped/>
  </testcase> <!-- TC01_verify_PhoneNumber_Field_validation -->
  <testcase classname="pageTest.AddArtistPageTest" name="TC01_verify_PhoneNumber_Field_validation" time="20.7">
    <failure type="java.lang.AssertionError" message="expected [true] but found [false]">
      <![CDATA[java.lang.AssertionError: expected [true] but found [false]
at pageTest.AddArtistPageTest.TC01_verify_PhoneNumber_Field_validation(AddArtistPageTest.java:53)
at java.base/java.util.ArrayList.forEach(ArrayList.java:1597)
... Removed 29 stack frames]]>
    </failure>
  </testcase> <!-- TC01_verify_PhoneNumber_Field_validation -->
  <testcase classname="pageTest.AddArtistPageTest" name="TC01_verify_PhoneNumber_Field_validation" time="20.701"/>
  <testcase classname="pageTest.AddArtistPageTest" name="TC01_verify_PhoneNumber_Field_validation" time="20.668"/>
  <testcase classname="pageTest.AddArtistPageTest" name="TC01_verify_PhoneNumber_Field_validation" time="20.712"/>
  <testcase classname="pageTest.AddArtistPageTest" name="TC01_verify_PhoneNumber_Field_validation" time="20.758"/>
  <testcase classname="pageTest.AddArtistPageTest" name="TC01_verify_PhoneNumber_Field_validation" time="5.118">
    <skipped/>
  </testcase> <!-- TC01_verify_PhoneNumber_Field_validation -->
  <testcase classname="pageTest.AddArtistPageTest" name="TC01_verify_PhoneNumber_Field_validation" time="5.13">
    <skipped/>
  </testcase> <!-- TC01_verify_PhoneNumber_Field_validation -->
  <testcase classname="pageTest.AddArtistPageTest" name="TC01_verify_PhoneNumber_Field_validation" time="5.138">
    <failure type="java.lang.AssertionError" message="null">
      <![CDATA[java.lang.AssertionError: null
at pageTest.AddArtistPageTest.TC01_verify_PhoneNumber_Field_validation(AddArtistPageTest.java:80)
at java.base/java.util.ArrayList.forEach(ArrayList.java:1597)
... Removed 27 stack frames]]>
    </failure>
  </testcase> <!-- TC01_verify_PhoneNumber_Field_validation -->
  <testcase classname="pageTest.AddArtistPageTest" name="TC02_Required_Field_Validation" time="20.715"/>
  <testcase classname="pageTest.AddArtistPageTest" name="TC02_Required_Field_Validation" time="20.642"/>
  <testcase classname="pageTest.AddArtistPageTest" name="TC02_Required_Field_Validation" time="20.93"/>
  <testcase classname="pageTest.AddArtistPageTest" name="TC02_Required_Field_Validation" time="20.799"/>
  <testcase classname="pageTest.AddArtistPageTest" name="TC02_Required_Field_Validation" time="20.821"/>
  <testcase classname="pageTest.AddArtistPageTest" name="TC03_verify_EmailPattren_Field_Validation" time="20.806"/>
  <testcase classname="pageTest.AddArtistPageTest" name="TC03_verify_EmailPattren_Field_Validation" time="20.649"/>
  <testcase classname="pageTest.AddArtistPageTest" name="TC03_verify_EmailPattren_Field_Validation" time="20.676">
    <skipped/>
  </testcase> <!-- TC03_verify_EmailPattren_Field_Validation -->
  <testcase classname="pageTest.AddArtistPageTest" name="TC03_verify_EmailPattren_Field_Validation" time="20.675">
    <skipped/>
  </testcase> <!-- TC03_verify_EmailPattren_Field_Validation -->
  <testcase classname="pageTest.AddArtistPageTest" name="TC03_verify_EmailPattren_Field_Validation" time="20.749">
    <failure type="java.lang.AssertionError" message="expected [true] but found [false]">
      <![CDATA[java.lang.AssertionError: expected [true] but found [false]
at pageTest.AddArtistPageTest.TC03_verify_EmailPattren_Field_Validation(AddArtistPageTest.java:179)
at java.base/java.util.ArrayList.forEach(ArrayList.java:1597)
... Removed 29 stack frames]]>
    </failure>
  </testcase> <!-- TC03_verify_EmailPattren_Field_Validation -->
  <testcase classname="pageTest.AddArtistPageTest" name="TC04_Verify_the_entered_data_should_be_removed_from_the_fields_when_user_click_on_the_reset_form_CTA_in_Add_Artist_page" time="10.769"/>
  <testcase classname="pageTest.AddArtistPageTest" name="TC05_Verify_New_artist_can_be_added_in_add_artist_page" time="26.389"/>
</testsuite> <!-- Test -->
