<?xml version="1.0" encoding="UTF-8"?>
<!-- Generated by org.testng.reporters.JUnitReportReporter -->
<testsuite hostname="HP-5CG1482VRX" failures="1" tests="8" name="pageTest.AddPaintingPageTest" time="67.446" errors="0" timestamp="08 Jul 2025 18:48:38 GMT" skipped="7">
  <testcase classname="pageTest.AddPaintingPageTest" name="TC00011_Verify_entered_data_should_be_removed_from_the_fields_when_the_user_click_on_reset_form_CTA" time="21.947">
    <skipped/>
  </testcase> <!-- TC00011_Verify_entered_data_should_be_removed_from_the_fields_when_the_user_click_on_reset_form_CTA -->
  <testcase classname="pageTest.AddPaintingPageTest" name="TC00011_Verify_entered_data_should_be_removed_from_the_fields_when_the_user_click_on_reset_form_CTA" time="23.481">
    <skipped/>
  </testcase> <!-- TC00011_Verify_entered_data_should_be_removed_from_the_fields_when_the_user_click_on_reset_form_CTA -->
  <testcase classname="pageTest.AddPaintingPageTest" name="TC00011_Verify_entered_data_should_be_removed_from_the_fields_when_the_user_click_on_reset_form_CTA" time="22.018">
    <failure message="expected [true] but found [false]" type="java.lang.AssertionError">
      <![CDATA[java.lang.AssertionError: expected [true] but found [false]
at org.testng.Assert.fail(Assert.java:96)
at org.testng.Assert.failNotEquals(Assert.java:776)
at org.testng.Assert.assertTrue(Assert.java:44)
at org.testng.Assert.assertTrue(Assert.java:54)
at pageTest.AddPaintingPageTest.TC00011_Verify_entered_data_should_be_removed_from_the_fields_when_the_user_click_on_reset_form_CTA(AddPaintingPageTest.java:226)
at java.base/jdk.internal.reflect.DirectMethodHandleAccessor.invoke(DirectMethodHandleAccessor.java:103)
at java.base/java.lang.reflect.Method.invoke(Method.java:580)
at org.testng.internal.MethodInvocationHelper.invokeMethod(MethodInvocationHelper.java:124)
at org.testng.internal.Invoker.invokeMethod(Invoker.java:583)
at org.testng.internal.Invoker.retryFailed(Invoker.java:839)
at org.testng.internal.Invoker.invokeTestMethods(Invoker.java:1010)
at org.testng.internal.TestMethodWorker.invokeTestMethods(TestMethodWorker.java:125)
at org.testng.internal.TestMethodWorker.run(TestMethodWorker.java:109)
at org.testng.TestRunner.privateRun(TestRunner.java:648)
at org.testng.TestRunner.run(TestRunner.java:505)
at org.testng.SuiteRunner.runTest(SuiteRunner.java:455)
at org.testng.SuiteRunner.runSequentially(SuiteRunner.java:450)
at org.testng.SuiteRunner.privateRun(SuiteRunner.java:415)
at org.testng.SuiteRunner.run(SuiteRunner.java:364)
at org.testng.SuiteRunnerWorker.runSuite(SuiteRunnerWorker.java:52)
at org.testng.SuiteRunnerWorker.run(SuiteRunnerWorker.java:84)
at org.testng.TestNG.runSuitesSequentially(TestNG.java:1208)
at org.testng.TestNG.runSuitesLocally(TestNG.java:1137)
at org.testng.TestNG.runSuites(TestNG.java:1049)
at org.testng.TestNG.run(TestNG.java:1017)
at org.apache.maven.surefire.testng.TestNGExecutor.run(TestNGExecutor.java:308)
at org.apache.maven.surefire.testng.TestNGXmlTestSuite.execute(TestNGXmlTestSuite.java:71)
at org.apache.maven.surefire.testng.TestNGProvider.invoke(TestNGProvider.java:113)
at org.apache.maven.surefire.booter.ForkedBooter.runSuitesInProcess(ForkedBooter.java:385)
at org.apache.maven.surefire.booter.ForkedBooter.execute(ForkedBooter.java:162)
at org.apache.maven.surefire.booter.ForkedBooter.run(ForkedBooter.java:507)
at org.apache.maven.surefire.booter.ForkedBooter.main(ForkedBooter.java:495)
]]>
    </failure>
  </testcase> <!-- TC00011_Verify_entered_data_should_be_removed_from_the_fields_when_the_user_click_on_reset_form_CTA -->
  <testcase classname="pageTest.AddPaintingPageTest" name="TC07_verify_Required_Field_Validation">
    <skipped/>
  </testcase> <!-- TC07_verify_Required_Field_Validation -->
  <testcase classname="pageTest.AddPaintingPageTest" name="TC00012_Verify_New_paining_can_be_added_from_add_painting_page">
    <skipped/>
  </testcase> <!-- TC00012_Verify_New_paining_can_be_added_from_add_painting_page -->
  <testcase classname="pageTest.AddPaintingPageTest" name="TC08_verify_PriceField_Validation">
    <skipped/>
  </testcase> <!-- TC08_verify_PriceField_Validation -->
  <testcase classname="pageTest.AddPaintingPageTest" name="TC09_verify_CreationYearField_Validation">
    <skipped/>
  </testcase> <!-- TC09_verify_CreationYearField_Validation -->
  <testcase classname="pageTest.AddPaintingPageTest" name="TC005_Verify_Newly_added_Painting_is_displayed_in_Home_page">
    <skipped/>
  </testcase> <!-- TC005_Verify_Newly_added_Painting_is_displayed_in_Home_page -->
</testsuite> <!-- pageTest.AddPaintingPageTest -->
